<?xml version="1.0" encoding="UTF-8"?>
<!-- Generated by org.testng.reporters.JUnitReportReporter -->
<testsuite hostname="DESKTOP-F4UK9QS" failures="0" tests="3" name="TstNG.priority$PracticeTestNG_Methods" time="0.036" errors="0" timestamp="2022-07-18T13:17:43 IST" skipped="0">
  <testcase classname="TstNG.priority$PracticeTestNG_Methods" name="buySimcard" time="0.024"/>
  <system-out/>
  <testcase classname="TstNG.priority$PracticeTestNG_Methods" name="activateSimcard" time="0.005"/>
  <system-out/>
  <testcase classname="TstNG.priority$PracticeTestNG_Methods" name="customerSupport" time="0.007"/>
  <system-out/>
</testsuite> <!-- TstNG.priority$PracticeTestNG_Methods -->
