<?xml version="1.0" encoding="UTF-8"?>
<!-- Generated by org.testng.reporters.JUnitReportReporter -->
<testsuite hostname="DESKTOP-F4UK9QS" failures="0" tests="2" name="testNG_groupExe.Annotation_2" time="0.024" errors="0" timestamp="2022-07-19T13:07:56 IST" skipped="0">
  <testcase classname="testNG_groupExe.Annotation_2" name="test3" time="0.020"/>
  <system-out/>
  <testcase classname="testNG_groupExe.Annotation_2" name="test4" time="0.004"/>
  <system-out/>
</testsuite> <!-- testNG_groupExe.Annotation_2 -->
