<?xml version="1.0" encoding="UTF-8"?>
<!-- Generated by org.testng.reporters.JUnitReportReporter -->
<testsuite hostname="DESKTOP-F4UK9QS" failures="0" tests="1" name="TstNG.Annotation" time="0.070" errors="0" timestamp="2022-07-19T12:00:51 IST" skipped="0">
  <testcase classname="TstNG.Annotation" name="test" time="0.070"/>
  <system-out/>
</testsuite> <!-- TstNG.Annotation -->
