<?xml version="1.0" encoding="UTF-8"?>
<!-- Generated by org.testng.reporters.JUnitReportReporter -->
<testsuite hostname="DESKTOP-F4UK9QS" failures="0" tests="2" name="TstNG.Anntation_2" time="0.026" errors="0" timestamp="2022-07-19T12:07:31 IST" skipped="0">
  <testcase classname="TstNG.Anntation_2" name="test4" time="0.008"/>
  <system-out/>
  <testcase classname="TstNG.Anntation_2" name="test3" time="0.018"/>
  <system-out/>
</testsuite> <!-- TstNG.Anntation_2 -->
