<?xml version="1.0" encoding="UTF-8"?>
<!-- Generated by org.testng.reporters.JUnitReportReporter -->
<testsuite hostname="DESKTOP-F4UK9QS" failures="0" tests="1" name="JDBCPractice.ExecuteUpdateTest" time="0.548" errors="0" timestamp="2022-06-27T17:33:59 IST" skipped="0">
  <testcase classname="JDBCPractice.ExecuteUpdateTest" name="executeUpdateTest" time="0.548"/>
  <system-out/>
</testsuite> <!-- JDBCPractice.ExecuteUpdateTest -->
