<?xml version="1.0" encoding="UTF-8"?>
<!-- Generated by org.testng.reporters.JUnitReportReporter -->
<testsuite hostname="DESKTOP-F4UK9QS" failures="0" tests="3" name="testNG_parameters.Annotation_2" time="5.547" errors="0" timestamp="2022-07-19T15:28:11 IST" skipped="0">
  <testcase classname="testNG_parameters.Annotation_2" name="test3" time="0.007"/>
  <system-out/>
  <testcase classname="testNG_parameters.Annotation_2" name="test4" time="0.012"/>
  <system-out/>
  <testcase classname="testNG_parameters.Annotation_2" name="launchBrowser" time="5.528"/>
  <system-out/>
</testsuite> <!-- testNG_parameters.Annotation_2 -->
