<?xml version="1.0" encoding="UTF-8"?>
<!-- Generated by org.testng.reporters.JUnitReportReporter -->
<testsuite hostname="DESKTOP-F4UK9QS" failures="0" tests="3" name="testNG_parameters.Annotation_1" time="8.299" errors="0" timestamp="2022-07-19T15:28:11 IST" skipped="0">
  <testcase classname="testNG_parameters.Annotation_1" name="launchBrowser" time="8.287"/>
  <system-out/>
  <testcase classname="testNG_parameters.Annotation_1" name="test1" time="0.009"/>
  <system-out/>
  <testcase classname="testNG_parameters.Annotation_1" name="test2" time="0.003"/>
  <system-out/>
</testsuite> <!-- testNG_parameters.Annotation_1 -->
