<?xml version="1.0" encoding="UTF-8"?>
<!-- Generated by org.testng.reporters.JUnitReportReporter -->
<testsuite hostname="DESKTOP-F4UK9QS" failures="0" tests="1" name="AllTestCases.TC_02_createOrganization_Test" time="45.207" errors="0" timestamp="12 Aug 2022 09:46:18 GMT" skipped="0">
  <testcase classname="AllTestCases.TC_02_createOrganization_Test" name="createOrg" time="45.207"/>
</testsuite> <!-- AllTestCases.TC_02_createOrganization_Test -->
