<?xml version="1.0" encoding="UTF-8"?>
<!-- Generated by org.testng.reporters.JUnitReportReporter -->
<testsuite hostname="DESKTOP-F4UK9QS" failures="0" tests="1" name="AllTestCases.TC_05_create_camp_deleteCamp_Test" time="36.720" errors="0" timestamp="12 Aug 2022 09:49:12 GMT" skipped="0">
  <testcase classname="AllTestCases.TC_05_create_camp_deleteCamp_Test" name="example" time="36.720"/>
</testsuite> <!-- AllTestCases.TC_05_create_camp_deleteCamp_Test -->
