<?xml version="1.0" encoding="UTF-8"?>
<!-- Generated by org.testng.reporters.JUnitReportReporter -->
<testsuite hostname="DESKTOP-F4UK9QS" failures="0" tests="1" name="com.testNG.annotations_Implementation.Testcase3_create_Compare_org" time="30.388" errors="0" timestamp="05 Aug 2022 12:22:13 GMT" skipped="0">
  <testcase classname="com.testNG.annotations_Implementation.Testcase3_create_Compare_org" name="abcd" time="30.388"/>
</testsuite> <!-- com.testNG.annotations_Implementation.Testcase3_create_Compare_org -->
