<?xml version="1.0" encoding="UTF-8"?>
<!-- Generated by org.testng.reporters.JUnitReportReporter -->
<testsuite hostname="DESKTOP-F4UK9QS" failures="0" tests="2" name="testNG_Group_exe.Annotation_1" time="0.012" errors="0" timestamp="2022-07-19T13:46:51 IST" skipped="0">
  <testcase classname="testNG_Group_exe.Annotation_1" name="test1" time="0.009"/>
  <system-out/>
  <testcase classname="testNG_Group_exe.Annotation_1" name="test2" time="0.003"/>
  <system-out/>
</testsuite> <!-- testNG_Group_exe.Annotation_1 -->
