<?xml version="1.0" encoding="UTF-8"?>
<!-- Generated by org.testng.reporters.JUnitReportReporter -->
<testsuite hostname="DESKTOP-F4UK9QS" failures="0" tests="1" name="com.testNG.annotations_Implementation.Testcase4_create_org_delete" time="34.829" errors="0" timestamp="05 Aug 2022 12:23:31 GMT" skipped="0">
  <testcase classname="com.testNG.annotations_Implementation.Testcase4_create_org_delete" name="run" time="34.829"/>
</testsuite> <!-- com.testNG.annotations_Implementation.Testcase4_create_org_delete -->
