<?xml version="1.0" encoding="UTF-8"?>
<!-- Generated by org.testng.reporters.JUnitReportReporter -->
<testsuite hostname="DESKTOP-F4UK9QS" failures="0" tests="1" name="AllTestCases.TC_03_create_compare_ContactTest" time="29.530" errors="0" timestamp="06 Aug 2022 16:15:35 GMT" skipped="0">
  <testcase classname="AllTestCases.TC_03_create_compare_ContactTest" name="abcd" time="29.530"/>
</testsuite> <!-- AllTestCases.TC_03_create_compare_ContactTest -->
