<?xml version="1.0" encoding="UTF-8"?>
<!-- Generated by org.testng.reporters.JUnitReportReporter -->
<testsuite hostname="DESKTOP-F4UK9QS" failures="0" tests="3" name="TstNG.invocationCount$PracticeTestNG_Methods" time="0.038" errors="0" timestamp="2022-07-18T13:27:02 IST" skipped="1">
  <testcase classname="TstNG.invocationCount$PracticeTestNG_Methods" name="activateSimcard" time="0.026">
    <skipped/>
  </testcase> <!-- activateSimcard -->
  <system-out/>
  <testcase classname="TstNG.invocationCount$PracticeTestNG_Methods" name="customerSupport" time="0.005"/>
  <system-out/>
  <testcase classname="TstNG.invocationCount$PracticeTestNG_Methods" name="buySimcard" time="0.007"/>
  <system-out/>
</testsuite> <!-- TstNG.invocationCount$PracticeTestNG_Methods -->
