<?xml version="1.0" encoding="UTF-8"?>
<!-- Generated by org.testng.reporters.JUnitReportReporter -->
<testsuite hostname="DESKTOP-F4UK9QS" failures="0" tests="1" name="AllTestCases.TC_03_create_Compare_org_Test" time="109.272" errors="0" timestamp="2022-07-28T10:19:09 IST" skipped="0">
  <testcase classname="AllTestCases.TC_03_create_Compare_org_Test" name="abcd" time="109.272"/>
  <system-out/>
</testsuite> <!-- AllTestCases.TC_03_create_Compare_org_Test -->
