<?xml version="1.0" encoding="UTF-8"?>
<!-- Generated by org.testng.reporters.JUnitReportReporter -->
<testsuite hostname="DESKTOP-F4UK9QS" failures="0" tests="1" name="com.testNG.annotations_Implementation.TC_02_createOrganization_Test" time="25.181" errors="0" timestamp="2022-07-25T11:51:51 IST" skipped="0">
  <testcase classname="com.testNG.annotations_Implementation.TC_02_createOrganization_Test" name="createOrg" time="25.181"/>
  <system-out/>
</testsuite> <!-- com.testNG.annotations_Implementation.TC_02_createOrganization_Test -->
