<?xml version="1.0" encoding="UTF-8"?>
<!-- Generated by org.testng.reporters.JUnitReportReporter -->
<testsuite hostname="DESKTOP-F4UK9QS" failures="0" tests="1" name="com.testNG.annotations_Implementation.TC_04_create_org_delete_Test" time="39.618" errors="0" timestamp="2022-07-25T11:07:25 IST" skipped="0">
  <testcase classname="com.testNG.annotations_Implementation.TC_04_create_org_delete_Test" name="run" time="39.618"/>
  <system-out/>
</testsuite> <!-- com.testNG.annotations_Implementation.TC_04_create_org_delete_Test -->
