<?xml version="1.0" encoding="UTF-8"?>
<!-- Generated by org.testng.reporters.JUnitReportReporter -->
<testsuite hostname="DESKTOP-F4UK9QS" failures="0" tests="2" name="TstNG.Annotation_1" time="0.018" errors="0" timestamp="2022-07-19T12:07:31 IST" skipped="0">
  <testcase classname="TstNG.Annotation_1" name="test1" time="0.012"/>
  <system-out/>
  <testcase classname="TstNG.Annotation_1" name="test2" time="0.006"/>
  <system-out/>
</testsuite> <!-- TstNG.Annotation_1 -->
