<?xml version="1.0" encoding="UTF-8"?>
<!-- Generated by org.testng.reporters.JUnitReportReporter -->
<testsuite hostname="DESKTOP-F4UK9QS" failures="0" tests="1" name="com.Vtiger_generic.abcd" time="0.022" errors="0" timestamp="2022-07-27T09:45:54 IST" skipped="0">
  <testcase classname="com.Vtiger_generic.abcd" name="main" time="0.022"/>
  <system-out/>
</testsuite> <!-- com.Vtiger_generic.abcd -->
