<?xml version="1.0" encoding="UTF-8"?>
<!-- Generated by org.testng.reporters.JUnitReportReporter -->
<testsuite hostname="DESKTOP-F4UK9QS" failures="0" tests="2" name="testNG_Group_exe.Annotation_2" time="0.017" errors="0" timestamp="2022-07-19T13:46:51 IST" skipped="0">
  <testcase classname="testNG_Group_exe.Annotation_2" name="test4" time="0.006"/>
  <system-out/>
  <testcase classname="testNG_Group_exe.Annotation_2" name="test3" time="0.011"/>
  <system-out/>
</testsuite> <!-- testNG_Group_exe.Annotation_2 -->
