<?xml version="1.0" encoding="UTF-8"?>
<!-- Generated by org.testng.reporters.JUnitReportReporter -->
<testsuite hostname="DESKTOP-F4UK9QS" failures="0" tests="1" name="com.testNG.annotations_Implementation.TC_05_create_camp_deleteCamp_Test" time="22.312" errors="0" timestamp="2022-07-25T11:59:46 IST" skipped="0">
  <testcase classname="com.testNG.annotations_Implementation.TC_05_create_camp_deleteCamp_Test" name="example" time="22.312"/>
  <system-out/>
</testsuite> <!-- com.testNG.annotations_Implementation.TC_05_create_camp_deleteCamp_Test -->
