<?xml version="1.0" encoding="UTF-8"?>
<!-- Generated by org.testng.reporters.JUnitReportReporter -->
<testsuite hostname="DESKTOP-F4UK9QS" failures="0" tests="1" name="com.testNG.annotations_Implementation.TC_02_createOrganization_Test" time="35.770" errors="0" timestamp="2022-07-24T20:47:59 IST" skipped="0">
  <testcase classname="com.testNG.annotations_Implementation.TC_02_createOrganization_Test" name="createOrg" time="35.770"/>
  <system-out/>
</testsuite> <!-- com.testNG.annotations_Implementation.TC_02_createOrganization_Test -->
