<?xml version="1.0" encoding="UTF-8"?>
<!-- Generated by org.testng.reporters.JUnitReportReporter -->
<testsuite hostname="DESKTOP-F4UK9QS" failures="0" tests="6" name="DataProvider.Dataprovider_ExcelFetch" time="0.048" errors="0" timestamp="2022-07-19T10:39:42 IST" skipped="0">
  <testcase classname="DataProvider.Dataprovider_ExcelFetch" name="test1" time="0.001"/>
  <system-out/>
  <testcase classname="DataProvider.Dataprovider_ExcelFetch" name="test1" time="0.003"/>
  <system-out/>
  <testcase classname="DataProvider.Dataprovider_ExcelFetch" name="test1" time="0.019"/>
  <system-out/>
  <testcase classname="DataProvider.Dataprovider_ExcelFetch" name="test1" time="0.008"/>
  <system-out/>
  <testcase classname="DataProvider.Dataprovider_ExcelFetch" name="test1" time="0.015"/>
  <system-out/>
  <testcase classname="DataProvider.Dataprovider_ExcelFetch" name="test1" time="0.002"/>
  <system-out/>
</testsuite> <!-- DataProvider.Dataprovider_ExcelFetch -->
