<?xml version="1.0" encoding="UTF-8"?>
<!-- Generated by org.testng.reporters.JUnitReportReporter -->
<testsuite hostname="DESKTOP-F4UK9QS" failures="0" tests="1" name="AllTestCases.TC_03_create_compare_ContactTest" time="28.639" errors="0" timestamp="2022-07-28T11:19:50 IST" skipped="0">
  <testcase classname="AllTestCases.TC_03_create_compare_ContactTest" name="abcd" time="28.639"/>
  <system-out/>
</testsuite> <!-- AllTestCases.TC_03_create_compare_ContactTest -->
