<?xml version="1.0" encoding="UTF-8"?>
<!-- Generated by org.testng.reporters.JUnitReportReporter -->
<testsuite hostname="DESKTOP-F4UK9QS" failures="0" tests="1" name="AllTestCases.TC_04_create_org_delete_Test" time="40.893" errors="0" timestamp="12 Aug 2022 09:48:13 GMT" skipped="0">
  <testcase classname="AllTestCases.TC_04_create_org_delete_Test" name="run" time="40.893"/>
</testsuite> <!-- AllTestCases.TC_04_create_org_delete_Test -->
