<?xml version="1.0" encoding="UTF-8"?>
<!-- Generated by org.testng.reporters.JUnitReportReporter -->
<testsuite hostname="DESKTOP-F4UK9QS" failures="0" tests="1" name="AllTestCases.TC_01_Select_particular_rowTest" time="17.763" errors="0" timestamp="06 Aug 2022 16:11:21 GMT" skipped="0">
  <testcase classname="AllTestCases.TC_01_Select_particular_rowTest" name="main1" time="17.763"/>
</testsuite> <!-- AllTestCases.TC_01_Select_particular_rowTest -->
