<?xml version="1.0" encoding="UTF-8"?>
<!-- Generated by org.testng.reporters.JUnitReportReporter -->
<testsuite hostname="DESKTOP-F4UK9QS" failures="0" tests="1" name="com.testNG.annotations_Implementation.TC_03_create_Compare_org_Test" time="40.681" errors="0" timestamp="2022-07-24T22:37:03 IST" skipped="0">
  <testcase classname="com.testNG.annotations_Implementation.TC_03_create_Compare_org_Test" name="abcd" time="40.681"/>
  <system-out/>
</testsuite> <!-- com.testNG.annotations_Implementation.TC_03_create_Compare_org_Test -->
