<?xml version="1.0" encoding="UTF-8"?>
<!-- Generated by org.testng.reporters.JUnitReportReporter -->
<testsuite hostname="DESKTOP-F4UK9QS" failures="0" tests="1" name="com.testNG.annotations_Implementation.TC_06_createorg_selectall_deleteTest" time="31.698" errors="0" timestamp="2022-07-25T12:02:28 IST" skipped="0">
  <testcase classname="com.testNG.annotations_Implementation.TC_06_createorg_selectall_deleteTest" name="exampl" time="31.698"/>
  <system-out/>
</testsuite> <!-- com.testNG.annotations_Implementation.TC_06_createorg_selectall_deleteTest -->
