<?xml version="1.0" encoding="UTF-8"?>
<!-- Generated by org.testng.reporters.JUnitReportReporter -->
<testsuite hostname="DESKTOP-F4UK9QS" failures="0" tests="1" name="Vtiger_Assignments.Reports" time="12.633" errors="0" timestamp="2022-07-08T13:45:03 IST" skipped="0">
  <testcase classname="Vtiger_Assignments.Reports" name="createrReport" time="12.633"/>
  <system-out/>
</testsuite> <!-- Vtiger_Assignments.Reports -->
