<?xml version="1.0" encoding="UTF-8"?>
<!-- Generated by org.testng.reporters.JUnitReportReporter -->
<testsuite hostname="DESKTOP-F4UK9QS" failures="0" tests="1" name="JDBCPractice.ExecuteUpadateTest1" time="0.459" errors="0" timestamp="2022-06-28T12:40:06 IST" skipped="0">
  <testcase classname="JDBCPractice.ExecuteUpadateTest1" name="execute" time="0.459"/>
  <system-out/>
</testsuite> <!-- JDBCPractice.ExecuteUpadateTest1 -->
