<?xml version="1.0" encoding="UTF-8"?>
<!-- Generated by org.testng.reporters.JUnitReportReporter -->
<testsuite hostname="DESKTOP-F4UK9QS" failures="0" tests="5" name="DataProvider.SimpleDataProvider" time="0.052" errors="0" timestamp="2022-07-14T17:57:27 IST" skipped="0">
  <testcase classname="DataProvider.SimpleDataProvider" name="testMM" time="0.012"/>
  <system-out/>
  <testcase classname="DataProvider.SimpleDataProvider" name="testMM" time="0.018"/>
  <system-out/>
  <testcase classname="DataProvider.SimpleDataProvider" name="testMM" time="0.010"/>
  <system-out/>
  <testcase classname="DataProvider.SimpleDataProvider" name="testMM" time="0.003"/>
  <system-out/>
  <testcase classname="DataProvider.SimpleDataProvider" name="testMM" time="0.009"/>
  <system-out/>
</testsuite> <!-- DataProvider.SimpleDataProvider -->
