<?xml version="1.0" encoding="UTF-8"?>
<!-- Generated by org.testng.reporters.JUnitReportReporter -->
<testsuite hostname="DESKTOP-F4UK9QS" failures="0" tests="3" name="TstNG.PracticeTestNG_Methods" time="0.026" errors="0" timestamp="2022-07-18T13:15:49 IST" skipped="1">
  <testcase classname="TstNG.PracticeTestNG_Methods" name="activateSimcard" time="0.021"/>
  <system-out/>
  <testcase classname="TstNG.PracticeTestNG_Methods" name="buySimcard" time="0.005"/>
  <system-out/>
  <testcase classname="TstNG.PracticeTestNG_Methods" name="customerSupport">
    <skipped/>
  </testcase> <!-- customerSupport -->
  <system-out/>
</testsuite> <!-- TstNG.PracticeTestNG_Methods -->
