<?xml version="1.0" encoding="UTF-8"?>
<!-- Generated by org.testng.reporters.JUnitReportReporter -->
<testsuite hostname="DESKTOP-F4UK9QS" failures="0" tests="5" name="DataProvider.DataProvider_MMT" time="114.164" errors="0" timestamp="2022-07-15T17:59:37 IST" skipped="0">
  <testcase classname="DataProvider.DataProvider_MMT" name="test1" time="23.780"/>
  <system-out/>
  <testcase classname="DataProvider.DataProvider_MMT" name="test1" time="16.983"/>
  <system-out/>
  <testcase classname="DataProvider.DataProvider_MMT" name="test1" time="16.186"/>
  <system-out/>
  <testcase classname="DataProvider.DataProvider_MMT" name="test1" time="36.644"/>
  <system-out/>
  <testcase classname="DataProvider.DataProvider_MMT" name="test1" time="20.571"/>
  <system-out/>
</testsuite> <!-- DataProvider.DataProvider_MMT -->
